[2025-04-25T11:12:57.100+0000] {taskinstance.py:1956} INFO - Dependencies all met for dep_context=non-requeueable deps ti=<TaskInstance: traffic_data_pipeline.submit_traffic_processor_spark_job manual__2025-04-25T11:12:55.917171+00:00 [queued]>
[2025-04-25T11:12:57.116+0000] {taskinstance.py:1956} INFO - Dependencies all met for dep_context=requeueable deps ti=<TaskInstance: traffic_data_pipeline.submit_traffic_processor_spark_job manual__2025-04-25T11:12:55.917171+00:00 [queued]>
[2025-04-25T11:12:57.117+0000] {taskinstance.py:2170} INFO - Starting attempt 1 of 1
[2025-04-25T11:12:57.138+0000] {taskinstance.py:2191} INFO - Executing <Task(BashOperator): submit_traffic_processor_spark_job> on 2025-04-25 11:12:55.917171+00:00
[2025-04-25T11:12:57.147+0000] {standard_task_runner.py:60} INFO - Started process 676 to run task
[2025-04-25T11:12:57.150+0000] {standard_task_runner.py:87} INFO - Running: ['***', 'tasks', 'run', 'traffic_data_pipeline', 'submit_traffic_processor_spark_job', 'manual__2025-04-25T11:12:55.917171+00:00', '--job-id', '11', '--raw', '--subdir', 'DAGS_FOLDER/traffic_pipeline_dag.py', '--cfg-path', '/tmp/tmps2uxiiot']
[2025-04-25T11:12:57.155+0000] {standard_task_runner.py:88} INFO - Job 11: Subtask submit_traffic_processor_spark_job
[2025-04-25T11:12:57.236+0000] {task_command.py:423} INFO - Running <TaskInstance: traffic_data_pipeline.submit_traffic_processor_spark_job manual__2025-04-25T11:12:55.917171+00:00 [running]> on host 4d1d6bdd19a4
[2025-04-25T11:12:57.538+0000] {taskinstance.py:2480} INFO - Exporting env vars: AIRFLOW_CTX_DAG_OWNER='***' AIRFLOW_CTX_DAG_ID='traffic_data_pipeline' AIRFLOW_CTX_TASK_ID='submit_traffic_processor_spark_job' AIRFLOW_CTX_EXECUTION_DATE='2025-04-25T11:12:55.917171+00:00' AIRFLOW_CTX_TRY_NUMBER='1' AIRFLOW_CTX_DAG_RUN_ID='manual__2025-04-25T11:12:55.917171+00:00'
[2025-04-25T11:12:57.540+0000] {subprocess.py:63} INFO - Tmp dir root location: /tmp
[2025-04-25T11:12:57.542+0000] {subprocess.py:75} INFO - Running command: ['/usr/bin/bash', '-c', '\n            export KAFKA_BROKERS_INTERNAL="kafk-1:9092,kafk-2:9092,kafk-3:9092" && \\\n            export KAFKA_TOPIC="raw_traffic_data" && \\\n            export SCHEMA_REGISTRY_URL="http://schema-registry:8081" && \\\n            export REDIS_HOST="redis" && \\\n            export CLICKHOUSE_HOST="clickhouse-server" && \\\n            export CLICKHOUSE_NATIVE_PORT="9000" && \\\n            export MINIO_ENDPOINT="http://minio:9000" && \\\n            export MINIO_ACCESS_KEY="minioadmin" && \\\n            export MINIO_SECRET_KEY="minioadmin" && \\\n            export MINIO_BUCKET="traffic-data" && \\\n            export CHECKPOINT_LOCATION="s3a://traffic-data/checkpoints_***" && \\\n            export PYSPARK_PYTHON=/usr/bin/python3 && \\\n            spark-submit \\\n            --master local[*] \\\n            --deploy-mode client \\\n            --conf spark.sql.streaming.schemaInference=true \\\n            --conf spark.hadoop.fs.s3a.endpoint=http://minio:9000 \\\n            --conf spark.hadoop.fs.s3a.access.key=minioadmin \\\n            --conf spark.hadoop.fs.s3a.secret.key=minioadmin \\\n            --conf spark.hadoop.fs.s3a.path.style.access=true \\\n            --conf spark.hadoop.fs.s3a.impl=org.apache.hadoop.fs.s3a.S3AFileSystem \\\n            --conf spark.sql.avro.schemaRegistryUrl=http://schema-registry:8081 \\\n            /opt/spark/app/processor.py\n            ']
[2025-04-25T11:12:57.553+0000] {subprocess.py:86} INFO - Output:
[2025-04-25T11:12:57.567+0000] {subprocess.py:93} INFO - /opt/spark/bin/load-spark-env.sh: line 68: ps: command not found
[2025-04-25T11:13:00.768+0000] {subprocess.py:93} INFO - --- Starting Spark Streaming Traffic Processor ---
[2025-04-25T11:13:00.769+0000] {subprocess.py:93} INFO - Reading from Kafka: kafk-1:9092,kafk-2:9092,kafk-3:9092 / Topic: raw_traffic_data
[2025-04-25T11:13:00.770+0000] {subprocess.py:93} INFO - Schema Registry URL: http://schema-registry:8081
[2025-04-25T11:13:00.770+0000] {subprocess.py:93} INFO - Writing state to Redis: redis:6379
[2025-04-25T11:13:00.770+0000] {subprocess.py:93} INFO - Writing history to ClickHouse: clickhouse-server:9000 (DB: traffic_db)
[2025-04-25T11:13:00.771+0000] {subprocess.py:93} INFO - Writing Parquet to MinIO Bucket: traffic-data
[2025-04-25T11:13:00.772+0000] {subprocess.py:93} INFO - Checkpoint Location Base: s3a://traffic-data/checkpoints_***
[2025-04-25T11:13:00.851+0000] {subprocess.py:93} INFO - 25/04/25 11:13:00 INFO SparkContext: Running Spark version 3.3.4
[2025-04-25T11:13:00.902+0000] {subprocess.py:93} INFO - 25/04/25 11:13:00 WARN NativeCodeLoader: Unable to load native-hadoop library for your platform... using builtin-java classes where applicable
[2025-04-25T11:13:00.984+0000] {subprocess.py:93} INFO - 25/04/25 11:13:00 INFO ResourceUtils: ==============================================================
[2025-04-25T11:13:00.985+0000] {subprocess.py:93} INFO - 25/04/25 11:13:00 INFO ResourceUtils: No custom resources configured for spark.driver.
[2025-04-25T11:13:00.986+0000] {subprocess.py:93} INFO - 25/04/25 11:13:00 INFO ResourceUtils: ==============================================================
[2025-04-25T11:13:00.987+0000] {subprocess.py:93} INFO - 25/04/25 11:13:00 INFO SparkContext: Submitted application: TrafficProcessor
[2025-04-25T11:13:01.002+0000] {subprocess.py:93} INFO - 25/04/25 11:13:01 INFO ResourceProfile: Default ResourceProfile created, executor resources: Map(cores -> name: cores, amount: 1, script: , vendor: , memory -> name: memory, amount: 1024, script: , vendor: , offHeap -> name: offHeap, amount: 0, script: , vendor: ), task resources: Map(cpus -> name: cpus, amount: 1.0)
[2025-04-25T11:13:01.010+0000] {subprocess.py:93} INFO - 25/04/25 11:13:01 INFO ResourceProfile: Limiting resource is cpu
[2025-04-25T11:13:01.011+0000] {subprocess.py:93} INFO - 25/04/25 11:13:01 INFO ResourceProfileManager: Added ResourceProfile id: 0
[2025-04-25T11:13:01.058+0000] {subprocess.py:93} INFO - 25/04/25 11:13:01 INFO SecurityManager: Changing view acls to: ***
[2025-04-25T11:13:01.059+0000] {subprocess.py:93} INFO - 25/04/25 11:13:01 INFO SecurityManager: Changing modify acls to: ***
[2025-04-25T11:13:01.059+0000] {subprocess.py:93} INFO - 25/04/25 11:13:01 INFO SecurityManager: Changing view acls groups to:
[2025-04-25T11:13:01.064+0000] {subprocess.py:93} INFO - 25/04/25 11:13:01 INFO SecurityManager: Changing modify acls groups to:
[2025-04-25T11:13:01.065+0000] {subprocess.py:93} INFO - 25/04/25 11:13:01 INFO SecurityManager: SecurityManager: authentication disabled; ui acls disabled; users  with view permissions: Set(***); groups with view permissions: Set(); users  with modify permissions: Set(***); groups with modify permissions: Set()
[2025-04-25T11:13:01.301+0000] {subprocess.py:93} INFO - 25/04/25 11:13:01 INFO Utils: Successfully started service 'sparkDriver' on port 34515.
[2025-04-25T11:13:01.334+0000] {subprocess.py:93} INFO - 25/04/25 11:13:01 INFO SparkEnv: Registering MapOutputTracker
[2025-04-25T11:13:01.387+0000] {subprocess.py:93} INFO - 25/04/25 11:13:01 INFO SparkEnv: Registering BlockManagerMaster
[2025-04-25T11:13:01.408+0000] {subprocess.py:93} INFO - 25/04/25 11:13:01 INFO BlockManagerMasterEndpoint: Using org.apache.spark.storage.DefaultTopologyMapper for getting topology information
[2025-04-25T11:13:01.409+0000] {subprocess.py:93} INFO - 25/04/25 11:13:01 INFO BlockManagerMasterEndpoint: BlockManagerMasterEndpoint up
[2025-04-25T11:13:01.414+0000] {subprocess.py:93} INFO - 25/04/25 11:13:01 INFO SparkEnv: Registering BlockManagerMasterHeartbeat
[2025-04-25T11:13:01.437+0000] {subprocess.py:93} INFO - 25/04/25 11:13:01 INFO DiskBlockManager: Created local directory at /tmp/blockmgr-1ea27b65-ada9-40e6-a7b7-e4900924e224
[2025-04-25T11:13:01.462+0000] {subprocess.py:93} INFO - 25/04/25 11:13:01 INFO MemoryStore: MemoryStore started with capacity 434.4 MiB
[2025-04-25T11:13:01.500+0000] {subprocess.py:93} INFO - 25/04/25 11:13:01 INFO SparkEnv: Registering OutputCommitCoordinator
[2025-04-25T11:13:01.698+0000] {subprocess.py:93} INFO - 25/04/25 11:13:01 INFO Utils: Successfully started service 'SparkUI' on port 4040.
[2025-04-25T11:13:01.817+0000] {subprocess.py:93} INFO - 25/04/25 11:13:01 INFO Executor: Starting executor ID driver on host 4d1d6bdd19a4
[2025-04-25T11:13:01.824+0000] {subprocess.py:93} INFO - 25/04/25 11:13:01 INFO Executor: Starting executor with user classpath (userClassPathFirst = false): ''
[2025-04-25T11:13:01.843+0000] {subprocess.py:93} INFO - 25/04/25 11:13:01 INFO Utils: Successfully started service 'org.apache.spark.network.netty.NettyBlockTransferService' on port 39925.
[2025-04-25T11:13:01.844+0000] {subprocess.py:93} INFO - 25/04/25 11:13:01 INFO NettyBlockTransferService: Server created on 4d1d6bdd19a4:39925
[2025-04-25T11:13:01.845+0000] {subprocess.py:93} INFO - 25/04/25 11:13:01 INFO BlockManager: Using org.apache.spark.storage.RandomBlockReplicationPolicy for block replication policy
[2025-04-25T11:13:01.851+0000] {subprocess.py:93} INFO - 25/04/25 11:13:01 INFO BlockManagerMaster: Registering BlockManager BlockManagerId(driver, 4d1d6bdd19a4, 39925, None)
[2025-04-25T11:13:01.855+0000] {subprocess.py:93} INFO - 25/04/25 11:13:01 INFO BlockManagerMasterEndpoint: Registering block manager 4d1d6bdd19a4:39925 with 434.4 MiB RAM, BlockManagerId(driver, 4d1d6bdd19a4, 39925, None)
[2025-04-25T11:13:01.857+0000] {subprocess.py:93} INFO - 25/04/25 11:13:01 INFO BlockManagerMaster: Registered BlockManager BlockManagerId(driver, 4d1d6bdd19a4, 39925, None)
[2025-04-25T11:13:01.858+0000] {subprocess.py:93} INFO - 25/04/25 11:13:01 INFO BlockManager: Initialized BlockManager: BlockManagerId(driver, 4d1d6bdd19a4, 39925, None)
[2025-04-25T11:13:02.210+0000] {subprocess.py:93} INFO - Spark Session created. Version: 3.3.4
[2025-04-25T11:13:02.211+0000] {subprocess.py:93} INFO - Broadcasting segments data...
[2025-04-25T11:13:02.372+0000] {subprocess.py:93} INFO - Segments data broadcasted.
[2025-04-25T11:13:04.722+0000] {subprocess.py:93} INFO - Reading Avro schema from file: /opt/spark/schemas/raw_traffic_event.avsc
[2025-04-25T11:13:04.726+0000] {subprocess.py:93} INFO - Successfully read Avro schema string.
[2025-04-25T11:13:04.727+0000] {subprocess.py:93} INFO - Deserializing Kafka messages using schema string from file...
[2025-04-25T11:13:04.837+0000] {subprocess.py:93} INFO - 25/04/25 11:13:04 WARN Schema: Ignored the com.traffic.events.RawTrafficEvent.timestamp.logicalType property ("iso8601-timestamp-millis"). It should probably be nested inside the "type" for the field.
[2025-04-25T11:13:05.014+0000] {subprocess.py:93} INFO - Traceback (most recent call last):
[2025-04-25T11:13:05.015+0000] {subprocess.py:93} INFO -   File "/opt/spark/python/lib/pyspark.zip/pyspark/serializers.py", line 458, in dumps
[2025-04-25T11:13:05.015+0000] {subprocess.py:93} INFO -     return cloudpickle.dumps(obj, pickle_protocol)
[2025-04-25T11:13:05.016+0000] {subprocess.py:93} INFO -            ^^^^^^^^^^^^^^^^^^^^^^^^^^^^^^^^^^^^^^^
[2025-04-25T11:13:05.016+0000] {subprocess.py:93} INFO -   File "/opt/spark/python/lib/pyspark.zip/pyspark/cloudpickle/cloudpickle_fast.py", line 73, in dumps
[2025-04-25T11:13:05.017+0000] {subprocess.py:93} INFO -     cp.dump(obj)
[2025-04-25T11:13:05.017+0000] {subprocess.py:93} INFO -   File "/opt/spark/python/lib/pyspark.zip/pyspark/cloudpickle/cloudpickle_fast.py", line 602, in dump
[2025-04-25T11:13:05.018+0000] {subprocess.py:93} INFO -     return Pickler.dump(self, obj)
[2025-04-25T11:13:05.018+0000] {subprocess.py:93} INFO -            ^^^^^^^^^^^^^^^^^^^^^^^
[2025-04-25T11:13:05.019+0000] {subprocess.py:93} INFO -   File "/opt/spark/python/lib/pyspark.zip/pyspark/cloudpickle/cloudpickle_fast.py", line 692, in reducer_override
[2025-04-25T11:13:05.019+0000] {subprocess.py:93} INFO -     return self._function_reduce(obj)
[2025-04-25T11:13:05.019+0000] {subprocess.py:93} INFO -            ^^^^^^^^^^^^^^^^^^^^^^^^^^
[2025-04-25T11:13:05.020+0000] {subprocess.py:93} INFO -   File "/opt/spark/python/lib/pyspark.zip/pyspark/cloudpickle/cloudpickle_fast.py", line 565, in _function_reduce
[2025-04-25T11:13:05.020+0000] {subprocess.py:93} INFO -     return self._dynamic_function_reduce(obj)
[2025-04-25T11:13:05.021+0000] {subprocess.py:93} INFO -            ^^^^^^^^^^^^^^^^^^^^^^^^^^^^^^^^^^
[2025-04-25T11:13:05.021+0000] {subprocess.py:93} INFO -   File "/opt/spark/python/lib/pyspark.zip/pyspark/cloudpickle/cloudpickle_fast.py", line 546, in _dynamic_function_reduce
[2025-04-25T11:13:05.021+0000] {subprocess.py:93} INFO -     state = _function_getstate(func)
[2025-04-25T11:13:05.022+0000] {subprocess.py:93} INFO -             ^^^^^^^^^^^^^^^^^^^^^^^^
[2025-04-25T11:13:05.022+0000] {subprocess.py:93} INFO -   File "/opt/spark/python/lib/pyspark.zip/pyspark/cloudpickle/cloudpickle_fast.py", line 157, in _function_getstate
[2025-04-25T11:13:05.023+0000] {subprocess.py:93} INFO -     f_globals_ref = _extract_code_globals(func.__code__)
[2025-04-25T11:13:05.023+0000] {subprocess.py:93} INFO -                     ^^^^^^^^^^^^^^^^^^^^^^^^^^^^^^^^^^^^
[2025-04-25T11:13:05.023+0000] {subprocess.py:93} INFO -   File "/opt/spark/python/lib/pyspark.zip/pyspark/cloudpickle/cloudpickle.py", line 334, in _extract_code_globals
[2025-04-25T11:13:05.024+0000] {subprocess.py:93} INFO -     out_names = {names[oparg]: None for _, oparg in _walk_global_ops(co)}
[2025-04-25T11:13:05.024+0000] {subprocess.py:93} INFO -                 ^^^^^^^^^^^^^^^^^^^^^^^^^^^^^^^^^^^^^^^^^^^^^^^^^^^^^^^^^
[2025-04-25T11:13:05.025+0000] {subprocess.py:93} INFO -   File "/opt/spark/python/lib/pyspark.zip/pyspark/cloudpickle/cloudpickle.py", line 334, in <dictcomp>
[2025-04-25T11:13:05.025+0000] {subprocess.py:93} INFO -     out_names = {names[oparg]: None for _, oparg in _walk_global_ops(co)}
[2025-04-25T11:13:05.026+0000] {subprocess.py:93} INFO -                  ~~~~~^^^^^^^
[2025-04-25T11:13:05.026+0000] {subprocess.py:93} INFO - IndexError: tuple index out of range
[2025-04-25T11:13:05.027+0000] {subprocess.py:93} INFO - Traceback (most recent call last):
[2025-04-25T11:13:05.027+0000] {subprocess.py:93} INFO -   File "/opt/spark/python/lib/pyspark.zip/pyspark/serializers.py", line 458, in dumps
[2025-04-25T11:13:05.028+0000] {subprocess.py:93} INFO -   File "/opt/spark/python/lib/pyspark.zip/pyspark/cloudpickle/cloudpickle_fast.py", line 73, in dumps
[2025-04-25T11:13:05.029+0000] {subprocess.py:93} INFO -   File "/opt/spark/python/lib/pyspark.zip/pyspark/cloudpickle/cloudpickle_fast.py", line 602, in dump
[2025-04-25T11:13:05.029+0000] {subprocess.py:93} INFO -   File "/opt/spark/python/lib/pyspark.zip/pyspark/cloudpickle/cloudpickle_fast.py", line 692, in reducer_override
[2025-04-25T11:13:05.029+0000] {subprocess.py:93} INFO -   File "/opt/spark/python/lib/pyspark.zip/pyspark/cloudpickle/cloudpickle_fast.py", line 565, in _function_reduce
[2025-04-25T11:13:05.030+0000] {subprocess.py:93} INFO -   File "/opt/spark/python/lib/pyspark.zip/pyspark/cloudpickle/cloudpickle_fast.py", line 546, in _dynamic_function_reduce
[2025-04-25T11:13:05.030+0000] {subprocess.py:93} INFO -   File "/opt/spark/python/lib/pyspark.zip/pyspark/cloudpickle/cloudpickle_fast.py", line 157, in _function_getstate
[2025-04-25T11:13:05.031+0000] {subprocess.py:93} INFO -   File "/opt/spark/python/lib/pyspark.zip/pyspark/cloudpickle/cloudpickle.py", line 334, in _extract_code_globals
[2025-04-25T11:13:05.031+0000] {subprocess.py:93} INFO -   File "/opt/spark/python/lib/pyspark.zip/pyspark/cloudpickle/cloudpickle.py", line 334, in <dictcomp>
[2025-04-25T11:13:05.032+0000] {subprocess.py:93} INFO - IndexError: tuple index out of range
[2025-04-25T11:13:05.033+0000] {subprocess.py:93} INFO - 
[2025-04-25T11:13:05.033+0000] {subprocess.py:93} INFO - During handling of the above exception, another exception occurred:
[2025-04-25T11:13:05.033+0000] {subprocess.py:93} INFO - 
[2025-04-25T11:13:05.034+0000] {subprocess.py:93} INFO - Traceback (most recent call last):
[2025-04-25T11:13:05.034+0000] {subprocess.py:93} INFO -   File "/opt/spark/app/processor.py", line 306, in <module>
[2025-04-25T11:13:05.035+0000] {subprocess.py:93} INFO -     main()
[2025-04-25T11:13:05.036+0000] {subprocess.py:93} INFO -   File "/opt/spark/app/processor.py", line 262, in main
[2025-04-25T11:13:05.036+0000] {subprocess.py:93} INFO -     find_nearest_segment_udf_new(col("latitude"), col("longitude")) # <-- SỬA Ở ĐÂY
[2025-04-25T11:13:05.037+0000] {subprocess.py:93} INFO -     ^^^^^^^^^^^^^^^^^^^^^^^^^^^^^^^^^^^^^^^^^^^^^^^^^^^^^^^^^^^^^^^
[2025-04-25T11:13:05.038+0000] {subprocess.py:93} INFO -   File "/opt/spark/python/lib/pyspark.zip/pyspark/sql/udf.py", line 276, in wrapper
[2025-04-25T11:13:05.039+0000] {subprocess.py:93} INFO -   File "/opt/spark/python/lib/pyspark.zip/pyspark/sql/udf.py", line 249, in __call__
[2025-04-25T11:13:05.039+0000] {subprocess.py:93} INFO -   File "/opt/spark/python/lib/pyspark.zip/pyspark/sql/udf.py", line 215, in _judf
[2025-04-25T11:13:05.040+0000] {subprocess.py:93} INFO -   File "/opt/spark/python/lib/pyspark.zip/pyspark/sql/udf.py", line 224, in _create_judf
[2025-04-25T11:13:05.040+0000] {subprocess.py:93} INFO -   File "/opt/spark/python/lib/pyspark.zip/pyspark/sql/udf.py", line 50, in _wrap_function
[2025-04-25T11:13:05.041+0000] {subprocess.py:93} INFO -   File "/opt/spark/python/lib/pyspark.zip/pyspark/rdd.py", line 3345, in _prepare_for_python_RDD
[2025-04-25T11:13:05.041+0000] {subprocess.py:93} INFO -   File "/opt/spark/python/lib/pyspark.zip/pyspark/serializers.py", line 468, in dumps
[2025-04-25T11:13:05.042+0000] {subprocess.py:93} INFO - _pickle.PicklingError: Could not serialize object: IndexError: tuple index out of range
[2025-04-25T11:13:05.183+0000] {subprocess.py:97} INFO - Command exited with return code 1
[2025-04-25T11:13:05.198+0000] {taskinstance.py:2698} ERROR - Task failed with exception
Traceback (most recent call last):
  File "/home/airflow/.local/lib/python3.10/site-packages/airflow/models/taskinstance.py", line 433, in _execute_task
    result = execute_callable(context=context, **execute_callable_kwargs)
  File "/home/airflow/.local/lib/python3.10/site-packages/airflow/operators/bash.py", line 212, in execute
    raise AirflowException(
airflow.exceptions.AirflowException: Bash command failed. The command returned a non-zero exit code 1.
[2025-04-25T11:13:05.203+0000] {taskinstance.py:1138} INFO - Marking task as FAILED. dag_id=traffic_data_pipeline, task_id=submit_traffic_processor_spark_job, execution_date=20250425T111255, start_date=20250425T111257, end_date=20250425T111305
[2025-04-25T11:13:05.230+0000] {standard_task_runner.py:107} ERROR - Failed to execute job 11 for task submit_traffic_processor_spark_job (Bash command failed. The command returned a non-zero exit code 1.; 676)
[2025-04-25T11:13:05.281+0000] {local_task_job_runner.py:234} INFO - Task exited with return code 1
[2025-04-25T11:13:05.336+0000] {taskinstance.py:3280} INFO - 0 downstream tasks scheduled from follow-on schedule check
